09-07-2016 @ 19:04:18 - Queuing 2.6.0 - wc_update_260_options
09-07-2016 @ 19:04:18 - Queuing 2.6.0 - wc_update_260_termmeta
09-07-2016 @ 19:04:18 - Queuing 2.6.0 - wc_update_260_zones
09-07-2016 @ 19:04:18 - Queuing 2.6.0 - wc_update_260_zone_methods
09-07-2016 @ 19:04:18 - Queuing 2.6.0 - wc_update_260_refunds
09-07-2016 @ 19:04:18 - Queuing 2.6.0 - wc_update_260_db_version
09-07-2016 @ 19:04:20 - Running wc_update_260_options callback
09-07-2016 @ 19:04:20 - Finished wc_update_260_options callback
09-07-2016 @ 19:04:20 - Running wc_update_260_termmeta callback
09-07-2016 @ 19:04:20 - Finished wc_update_260_termmeta callback
09-07-2016 @ 19:04:20 - Running wc_update_260_zones callback
09-07-2016 @ 19:04:20 - Finished wc_update_260_zones callback
09-07-2016 @ 19:04:20 - Running wc_update_260_zone_methods callback
09-07-2016 @ 19:04:20 - Finished wc_update_260_zone_methods callback
09-07-2016 @ 19:04:20 - Running wc_update_260_refunds callback
09-07-2016 @ 19:04:20 - Finished wc_update_260_refunds callback
09-07-2016 @ 19:04:20 - Running wc_update_260_db_version callback
09-07-2016 @ 19:04:20 - Finished wc_update_260_db_version callback
09-07-2016 @ 19:04:20 - Data update complete
2017-05-03T02:11:07+00:00 INFO Queuing 3.0.0 - wc_update_300_webhooks
2017-05-03T02:11:07+00:00 INFO Queuing 3.0.0 - wc_update_300_grouped_products
2017-05-03T02:11:07+00:00 INFO Queuing 3.0.0 - wc_update_300_settings
2017-05-03T02:11:07+00:00 INFO Queuing 3.0.0 - wc_update_300_product_visibility
2017-05-03T02:11:07+00:00 INFO Queuing 3.0.0 - wc_update_300_db_version
2017-05-03T02:11:09+00:00 INFO Running wc_update_300_webhooks callback
2017-05-03T02:11:09+00:00 INFO Finished wc_update_300_webhooks callback
2017-05-03T02:11:09+00:00 INFO Running wc_update_300_grouped_products callback
2017-05-03T02:11:09+00:00 INFO Finished wc_update_300_grouped_products callback
2017-05-03T02:11:09+00:00 INFO Running wc_update_300_settings callback
2017-05-03T02:11:09+00:00 INFO Finished wc_update_300_settings callback
2017-05-03T02:11:09+00:00 INFO Running wc_update_300_product_visibility callback
2017-05-03T02:11:09+00:00 INFO Finished wc_update_300_product_visibility callback
2017-05-03T02:11:09+00:00 INFO Running wc_update_300_db_version callback
2017-05-03T02:11:09+00:00 INFO Finished wc_update_300_db_version callback
2017-05-03T02:11:09+00:00 INFO Data update complete
2017-07-07T09:43:27+00:00 INFO Queuing 3.1.0 - wc_update_310_downloadable_products
2017-07-07T09:43:27+00:00 INFO Queuing 3.1.0 - wc_update_310_old_comments
2017-07-07T09:43:27+00:00 INFO Queuing 3.1.0 - wc_update_310_db_version
2017-07-07T09:43:30+00:00 INFO Running wc_update_310_downloadable_products callback
2017-07-07T09:43:30+00:00 INFO Finished wc_update_310_downloadable_products callback
2017-07-07T09:43:30+00:00 INFO Running wc_update_310_old_comments callback
2017-07-07T09:43:30+00:00 INFO Finished wc_update_310_old_comments callback
2017-07-07T09:43:30+00:00 INFO Running wc_update_310_db_version callback
2017-07-07T09:43:30+00:00 INFO Finished wc_update_310_db_version callback
2017-07-07T09:43:30+00:00 INFO Data update complete
